<?xml version="1.0" encoding="UTF-8"?>
<testsuites name="Test suite trial 1" time="0" tests="0" failures="0" errors="1">
   <testsuite name="Test suite trial 1" tests="0" failures="0" errors="1" time="0" timestamp="2019-03-07 19:15:54" hostname="jacka - LAPTOP-KFFRJLG9" id="Test Suites/Test suite trial 1">
      <properties>
         <property name="deviceName" value=""/>
         <property name="devicePlatform" value=""/>
         <property name="logFolder" value="C:\\Users\\jacka\\git\\katalon-trial\\Reports\\Test suite trial 1\\20190307_191553"/>
         <property name="logFiles" value="C:\\Users\\jacka\\git\\katalon-trial\\Reports\\Test suite trial 1\\20190307_191553\\execution0.log"/>
         <property name="attachments" value=""/>
         <property name="hostName" value="jacka - LAPTOP-KFFRJLG9"/>
         <property name="hostAddress" value="169.254.147.141"/>
         <property name="os" value="Windows 10 64bit"/>
         <property name="katalonVersion" value="6.0.5.10"/>
      </properties>
      <testcase name="Test Cases/Trial 2" classname="Test Cases/Trial 2" status="ERROR">
         <error type="ERROR" message="Test Cases/Trial 2 FAILED.
Reason:
org.codehaus.groovy.control.MultipleCompilationErrorsException: startup failed:
file:/C:/Users/jacka/git/katalon-trial/Scripts/Trial%202/Script1551945278170.groovy: 20: unable to resolve class ChromeOptions 
 @ line 20, column 15.
   ChromeOptions chromeOptions = new ChromeOptions(); chromeOptions.setExperimentalOption(&quot;mobileEmulation&quot;, mobileEmulation);
                 ^

file:/C:/Users/jacka/git/katalon-trial/Scripts/Trial%202/Script1551945278170.groovy: 20: unable to resolve class ChromeOptions 
 @ line 20, column 31.
   ChromeOptions chromeOptions = new ChromeOptions(); chromeOptions.setExperimentalOption(&quot;mobileEmulation&quot;, mobileEmulation);
                                 ^

file:/C:/Users/jacka/git/katalon-trial/Scripts/Trial%202/Script1551945278170.groovy: 22: unable to resolve class WebDriver 
 @ line 22, column 11.
   WebDriver driver = new ChromeDriver(chromeOptions);
             ^

file:/C:/Users/jacka/git/katalon-trial/Scripts/Trial%202/Script1551945278170.groovy: 22: unable to resolve class ChromeDriver 
 @ line 22, column 20.
   WebDriver driver = new ChromeDriver(chromeOptions);
                      ^

4 errors

	at com.kms.katalon.core.main.ScriptEngine.getScript(ScriptEngine.java:199)
	at com.kms.katalon.core.main.ScriptEngine.run(ScriptEngine.java:194)
	at com.kms.katalon.core.main.ScriptEngine.runScriptAsRawText(ScriptEngine.java:119)
	at com.kms.katalon.core.main.TestCaseExecutor.runScript(TestCaseExecutor.java:331)
	at com.kms.katalon.core.main.TestCaseExecutor.doExecute(TestCaseExecutor.java:322)
	at com.kms.katalon.core.main.TestCaseExecutor.processExecutionPhase(TestCaseExecutor.java:301)
	at com.kms.katalon.core.main.TestCaseExecutor.accessMainPhase(TestCaseExecutor.java:293)
	at com.kms.katalon.core.main.TestCaseExecutor.execute(TestCaseExecutor.java:227)
	at com.kms.katalon.core.main.TestSuiteExecutor.accessTestCaseMainPhase(TestSuiteExecutor.java:129)
	at com.kms.katalon.core.main.TestSuiteExecutor.accessTestSuiteMainPhase(TestSuiteExecutor.java:112)
	at com.kms.katalon.core.main.TestSuiteExecutor.execute(TestSuiteExecutor.java:81)
	at com.kms.katalon.core.main.TestCaseMain.startTestSuite(TestCaseMain.java:157)
	at com.kms.katalon.core.main.TestCaseMain$startTestSuite$0.call(Unknown Source)
	at TempTestSuite1551957353092.run(TempTestSuite1551957353092.groovy:35)
"/>
         <system-out><![CDATA[2019-03-07 19:15:54 - [TEST_CASE][ERROR] - Test Cases/Trial 2: Test Cases/Trial 2 FAILED.
Reason:
org.codehaus.groovy.control.MultipleCompilationErrorsException: startup failed:
file:/C:/Users/jacka/git/katalon-trial/Scripts/Trial%202/Script1551945278170.groovy: 20: unable to resolve class ChromeOptions 
 @ line 20, column 15.
   ChromeOptions chromeOptions = new ChromeOptions(); chromeOptions.setExperimentalOption("mobileEmulation", mobileEmulation);
                 ^

file:/C:/Users/jacka/git/katalon-trial/Scripts/Trial%202/Script1551945278170.groovy: 20: unable to resolve class ChromeOptions 
 @ line 20, column 31.
   ChromeOptions chromeOptions = new ChromeOptions(); chromeOptions.setExperimentalOption("mobileEmulation", mobileEmulation);
                                 ^

file:/C:/Users/jacka/git/katalon-trial/Scripts/Trial%202/Script1551945278170.groovy: 22: unable to resolve class WebDriver 
 @ line 22, column 11.
   WebDriver driver = new ChromeDriver(chromeOptions);
             ^

file:/C:/Users/jacka/git/katalon-trial/Scripts/Trial%202/Script1551945278170.groovy: 22: unable to resolve class ChromeDriver 
 @ line 22, column 20.
   WebDriver driver = new ChromeDriver(chromeOptions);
                      ^

4 errors

	at com.kms.katalon.core.main.ScriptEngine.getScript(ScriptEngine.java:199)
	at com.kms.katalon.core.main.ScriptEngine.run(ScriptEngine.java:194)
	at com.kms.katalon.core.main.ScriptEngine.runScriptAsRawText(ScriptEngine.java:119)
	at com.kms.katalon.core.main.TestCaseExecutor.runScript(TestCaseExecutor.java:331)
	at com.kms.katalon.core.main.TestCaseExecutor.doExecute(TestCaseExecutor.java:322)
	at com.kms.katalon.core.main.TestCaseExecutor.processExecutionPhase(TestCaseExecutor.java:301)
	at com.kms.katalon.core.main.TestCaseExecutor.accessMainPhase(TestCaseExecutor.java:293)
	at com.kms.katalon.core.main.TestCaseExecutor.execute(TestCaseExecutor.java:227)
	at com.kms.katalon.core.main.TestSuiteExecutor.accessTestCaseMainPhase(TestSuiteExecutor.java:129)
	at com.kms.katalon.core.main.TestSuiteExecutor.accessTestSuiteMainPhase(TestSuiteExecutor.java:112)
	at com.kms.katalon.core.main.TestSuiteExecutor.execute(TestSuiteExecutor.java:81)
	at com.kms.katalon.core.main.TestCaseMain.startTestSuite(TestCaseMain.java:157)
	at com.kms.katalon.core.main.TestCaseMain$startTestSuite$0.call(Unknown Source)
	at TempTestSuite1551957353092.run(TempTestSuite1551957353092.groovy:35)]]></system-out>
         <system-err><![CDATA[2019-03-07 19:15:54 - [TEST_CASE][ERROR] - Test Cases/Trial 2: Test Cases/Trial 2 FAILED.
Reason:
org.codehaus.groovy.control.MultipleCompilationErrorsException: startup failed:
file:/C:/Users/jacka/git/katalon-trial/Scripts/Trial%202/Script1551945278170.groovy: 20: unable to resolve class ChromeOptions 
 @ line 20, column 15.
   ChromeOptions chromeOptions = new ChromeOptions(); chromeOptions.setExperimentalOption("mobileEmulation", mobileEmulation);
                 ^

file:/C:/Users/jacka/git/katalon-trial/Scripts/Trial%202/Script1551945278170.groovy: 20: unable to resolve class ChromeOptions 
 @ line 20, column 31.
   ChromeOptions chromeOptions = new ChromeOptions(); chromeOptions.setExperimentalOption("mobileEmulation", mobileEmulation);
                                 ^

file:/C:/Users/jacka/git/katalon-trial/Scripts/Trial%202/Script1551945278170.groovy: 22: unable to resolve class WebDriver 
 @ line 22, column 11.
   WebDriver driver = new ChromeDriver(chromeOptions);
             ^

file:/C:/Users/jacka/git/katalon-trial/Scripts/Trial%202/Script1551945278170.groovy: 22: unable to resolve class ChromeDriver 
 @ line 22, column 20.
   WebDriver driver = new ChromeDriver(chromeOptions);
                      ^

4 errors

	at com.kms.katalon.core.main.ScriptEngine.getScript(ScriptEngine.java:199)
	at com.kms.katalon.core.main.ScriptEngine.run(ScriptEngine.java:194)
	at com.kms.katalon.core.main.ScriptEngine.runScriptAsRawText(ScriptEngine.java:119)
	at com.kms.katalon.core.main.TestCaseExecutor.runScript(TestCaseExecutor.java:331)
	at com.kms.katalon.core.main.TestCaseExecutor.doExecute(TestCaseExecutor.java:322)
	at com.kms.katalon.core.main.TestCaseExecutor.processExecutionPhase(TestCaseExecutor.java:301)
	at com.kms.katalon.core.main.TestCaseExecutor.accessMainPhase(TestCaseExecutor.java:293)
	at com.kms.katalon.core.main.TestCaseExecutor.execute(TestCaseExecutor.java:227)
	at com.kms.katalon.core.main.TestSuiteExecutor.accessTestCaseMainPhase(TestSuiteExecutor.java:129)
	at com.kms.katalon.core.main.TestSuiteExecutor.accessTestSuiteMainPhase(TestSuiteExecutor.java:112)
	at com.kms.katalon.core.main.TestSuiteExecutor.execute(TestSuiteExecutor.java:81)
	at com.kms.katalon.core.main.TestCaseMain.startTestSuite(TestCaseMain.java:157)
	at com.kms.katalon.core.main.TestCaseMain$startTestSuite$0.call(Unknown Source)
	at TempTestSuite1551957353092.run(TempTestSuite1551957353092.groovy:35)]]></system-err>
      </testcase>
      <system-out><![CDATA[2019-03-07 19:15:54 - [TEST_SUITE][ERROR] - Test suite trial 1: Test Cases/Trial 2 FAILED.
Reason:
org.codehaus.groovy.control.MultipleCompilationErrorsException: startup failed:
file:/C:/Users/jacka/git/katalon-trial/Scripts/Trial%202/Script1551945278170.groovy: 20: unable to resolve class ChromeOptions 
 @ line 20, column 15.
   ChromeOptions chromeOptions = new ChromeOptions(); chromeOptions.setExperimentalOption("mobileEmulation", mobileEmulation);
                 ^

file:/C:/Users/jacka/git/katalon-trial/Scripts/Trial%202/Script1551945278170.groovy: 20: unable to resolve class ChromeOptions 
 @ line 20, column 31.
   ChromeOptions chromeOptions = new ChromeOptions(); chromeOptions.setExperimentalOption("mobileEmulation", mobileEmulation);
                                 ^

file:/C:/Users/jacka/git/katalon-trial/Scripts/Trial%202/Script1551945278170.groovy: 22: unable to resolve class WebDriver 
 @ line 22, column 11.
   WebDriver driver = new ChromeDriver(chromeOptions);
             ^

file:/C:/Users/jacka/git/katalon-trial/Scripts/Trial%202/Script1551945278170.groovy: 22: unable to resolve class ChromeDriver 
 @ line 22, column 20.
   WebDriver driver = new ChromeDriver(chromeOptions);
                      ^

4 errors

	at com.kms.katalon.core.main.ScriptEngine.getScript(ScriptEngine.java:199)
	at com.kms.katalon.core.main.ScriptEngine.run(ScriptEngine.java:194)
	at com.kms.katalon.core.main.ScriptEngine.runScriptAsRawText(ScriptEngine.java:119)
	at com.kms.katalon.core.main.TestCaseExecutor.runScript(TestCaseExecutor.java:331)
	at com.kms.katalon.core.main.TestCaseExecutor.doExecute(TestCaseExecutor.java:322)
	at com.kms.katalon.core.main.TestCaseExecutor.processExecutionPhase(TestCaseExecutor.java:301)
	at com.kms.katalon.core.main.TestCaseExecutor.accessMainPhase(TestCaseExecutor.java:293)
	at com.kms.katalon.core.main.TestCaseExecutor.execute(TestCaseExecutor.java:227)
	at com.kms.katalon.core.main.TestSuiteExecutor.accessTestCaseMainPhase(TestSuiteExecutor.java:129)
	at com.kms.katalon.core.main.TestSuiteExecutor.accessTestSuiteMainPhase(TestSuiteExecutor.java:112)
	at com.kms.katalon.core.main.TestSuiteExecutor.execute(TestSuiteExecutor.java:81)
	at com.kms.katalon.core.main.TestCaseMain.startTestSuite(TestCaseMain.java:157)
	at com.kms.katalon.core.main.TestCaseMain$startTestSuite$0.call(Unknown Source)
	at TempTestSuite1551957353092.run(TempTestSuite1551957353092.groovy:35)]]></system-out>
      <system-err><![CDATA[2019-03-07 19:15:54 - [TEST_SUITE][ERROR] - Test suite trial 1: Test Cases/Trial 2 FAILED.
Reason:
org.codehaus.groovy.control.MultipleCompilationErrorsException: startup failed:
file:/C:/Users/jacka/git/katalon-trial/Scripts/Trial%202/Script1551945278170.groovy: 20: unable to resolve class ChromeOptions 
 @ line 20, column 15.
   ChromeOptions chromeOptions = new ChromeOptions(); chromeOptions.setExperimentalOption("mobileEmulation", mobileEmulation);
                 ^

file:/C:/Users/jacka/git/katalon-trial/Scripts/Trial%202/Script1551945278170.groovy: 20: unable to resolve class ChromeOptions 
 @ line 20, column 31.
   ChromeOptions chromeOptions = new ChromeOptions(); chromeOptions.setExperimentalOption("mobileEmulation", mobileEmulation);
                                 ^

file:/C:/Users/jacka/git/katalon-trial/Scripts/Trial%202/Script1551945278170.groovy: 22: unable to resolve class WebDriver 
 @ line 22, column 11.
   WebDriver driver = new ChromeDriver(chromeOptions);
             ^

file:/C:/Users/jacka/git/katalon-trial/Scripts/Trial%202/Script1551945278170.groovy: 22: unable to resolve class ChromeDriver 
 @ line 22, column 20.
   WebDriver driver = new ChromeDriver(chromeOptions);
                      ^

4 errors

	at com.kms.katalon.core.main.ScriptEngine.getScript(ScriptEngine.java:199)
	at com.kms.katalon.core.main.ScriptEngine.run(ScriptEngine.java:194)
	at com.kms.katalon.core.main.ScriptEngine.runScriptAsRawText(ScriptEngine.java:119)
	at com.kms.katalon.core.main.TestCaseExecutor.runScript(TestCaseExecutor.java:331)
	at com.kms.katalon.core.main.TestCaseExecutor.doExecute(TestCaseExecutor.java:322)
	at com.kms.katalon.core.main.TestCaseExecutor.processExecutionPhase(TestCaseExecutor.java:301)
	at com.kms.katalon.core.main.TestCaseExecutor.accessMainPhase(TestCaseExecutor.java:293)
	at com.kms.katalon.core.main.TestCaseExecutor.execute(TestCaseExecutor.java:227)
	at com.kms.katalon.core.main.TestSuiteExecutor.accessTestCaseMainPhase(TestSuiteExecutor.java:129)
	at com.kms.katalon.core.main.TestSuiteExecutor.accessTestSuiteMainPhase(TestSuiteExecutor.java:112)
	at com.kms.katalon.core.main.TestSuiteExecutor.execute(TestSuiteExecutor.java:81)
	at com.kms.katalon.core.main.TestCaseMain.startTestSuite(TestCaseMain.java:157)
	at com.kms.katalon.core.main.TestCaseMain$startTestSuite$0.call(Unknown Source)
	at TempTestSuite1551957353092.run(TempTestSuite1551957353092.groovy:35)]]></system-err>
   </testsuite>
</testsuites>
